WARNING : Using CLI version 2.14.0 but project's `requirements.txt`
WARNING : is configured to use 1.5.2. Consider either installing
WARNING : CLI version 1.5.2 or running `pretext update`
WARNING : to update `requirements.txt` and other managed files to match 2.14.0.
INFO    : Since no target was supplied, we will use "web".

INFO    : Building target web
INFO    : Generating any needed assets.
INFO    : Generating any needed assets.
INFO    : downloading MyOpenMath static problems from /workspaces/MSOE-Calculus-I-Problem-Bank/source/main.ptx for placement in /workspaces/MSOE-Calculus-I-Problem-Bank/generated-assets/problems
INFO    : XSL conversion of /workspaces/MSOE-Calculus-I-Problem-Bank/source/main.ptx by /home/vscode/.ptx/2.14.0/core/xsl/extract-mom.xsl
INFO    : messages from the log for XSL processing:
WARNING : * PTX:WARNING:   the requested HTML index page cannot be constructed since "jumpstart" is not an @xml:id anywhere in the document.  Defaults will be used instead
INFO    : * PTX:INFO:   checking ONLY the last TWO YEARS of element deprecations.
Rerun with the string parameter "author.deprecations.all" set to "yes" to check your source against all deprecations.
INFO    : successful application of /home/vscode/.ptx/2.14.0/core/xsl/extract-mom.xsl
INFO    : downloading MOM #1556416 to /workspaces/MSOE-Calculus-I-Problem-Bank/generated-assets/problems/mom-1556416.xml...
INFO    : downloading MOM #1556026 to /workspaces/MSOE-Calculus-I-Problem-Bank/generated-assets/problems/mom-1556026.xml...
INFO    : downloading MOM #1556425 to /workspaces/MSOE-Calculus-I-Problem-Bank/generated-assets/problems/mom-1556425.xml...
INFO    : downloading MOM #1559694 to /workspaces/MSOE-Calculus-I-Problem-Bank/generated-assets/problems/mom-1559694.xml...
INFO    : downloading MOM #1558434 to /workspaces/MSOE-Calculus-I-Problem-Bank/generated-assets/problems/mom-1558434.xml...
INFO    : downloading MOM #1557374 to /workspaces/MSOE-Calculus-I-Problem-Bank/generated-assets/problems/mom-1557374.xml...
INFO    : downloading MOM #1557421 to /workspaces/MSOE-Calculus-I-Problem-Bank/generated-assets/problems/mom-1557421.xml...
INFO    : downloading MOM #1557411 to /workspaces/MSOE-Calculus-I-Problem-Bank/generated-assets/problems/mom-1557411.xml...
INFO    : downloading MOM #1557388 to /workspaces/MSOE-Calculus-I-Problem-Bank/generated-assets/problems/mom-1557388.xml...
INFO    : downloading MOM #1559746 to /workspaces/MSOE-Calculus-I-Problem-Bank/generated-assets/problems/mom-1559746.xml...
INFO    : downloading MOM #1560053 to /workspaces/MSOE-Calculus-I-Problem-Bank/generated-assets/problems/mom-1560053.xml...
INFO    : downloading MOM #1560056 to /workspaces/MSOE-Calculus-I-Problem-Bank/generated-assets/problems/mom-1560056.xml...
INFO    : downloading MOM #1560057 to /workspaces/MSOE-Calculus-I-Problem-Bank/generated-assets/problems/mom-1560057.xml...
INFO    : downloading MOM #1560059 to /workspaces/MSOE-Calculus-I-Problem-Bank/generated-assets/problems/mom-1560059.xml...
INFO    : downloading MOM #1560060 to /workspaces/MSOE-Calculus-I-Problem-Bank/generated-assets/problems/mom-1560060.xml...
INFO    : downloading MOM #1560061 to /workspaces/MSOE-Calculus-I-Problem-Bank/generated-assets/problems/mom-1560061.xml...
INFO    : downloading MOM #1560055 to /workspaces/MSOE-Calculus-I-Problem-Bank/generated-assets/problems/mom-1560055.xml...
INFO    : downloading MOM #1560062 to /workspaces/MSOE-Calculus-I-Problem-Bank/generated-assets/problems/mom-1560062.xml...
INFO    : MyOpenMath static problem download complete
INFO    : Removing temporary directory /tmp/ptx-547805x0
INFO    : Finished generating assets.

INFO    : Finished generating assets.

INFO    : Preparing to build into /workspaces/MSOE-Calculus-I-Problem-Bank/output/web.
INFO    : discovering source file's directory name: /workspaces/MSOE-Calculus-I-Problem-Bank/source
INFO    : verifying and expanding input directory: /workspaces/MSOE-Calculus-I-Problem-Bank/source/../generated-assets
INFO    : input directory expanded to absolute path: /workspaces/MSOE-Calculus-I-Problem-Bank/generated-assets
INFO    : verifying and expanding input directory: /workspaces/MSOE-Calculus-I-Problem-Bank/source/../assets
INFO    : input directory expanded to absolute path: /workspaces/MSOE-Calculus-I-Problem-Bank/assets
INFO    : Downloading rs services file from https://runestone.academy/cdn/runestone/latest/webpack_static_imports.xml.
INFO    : Runestone Services via online CDN query: version 7.5.10
INFO    : Downloading Runestone Services, version 7.5.10
INFO    : Extracting Runestone Services from archive file
INFO    : XSL conversion of /workspaces/MSOE-Calculus-I-Problem-Bank/source/main.ptx by /home/vscode/.ptx/2.14.0/core/xsl/utilities/report-publisher-variables.xsl
INFO    : messages from the log for XSL processing:
WARNING : * PTX:WARNING:   the requested HTML index page cannot be constructed since "jumpstart" is not an @xml:id anywhere in the document.  Defaults will be used instead
INFO    : successful application of /home/vscode/.ptx/2.14.0/core/xsl/utilities/report-publisher-variables.xsl
INFO    : converting /workspaces/MSOE-Calculus-I-Problem-Bank/source/main.ptx to HTML in /tmp/ptx-xc3tzdse
INFO    : XSL conversion of /workspaces/MSOE-Calculus-I-Problem-Bank/source/main.ptx by /home/vscode/.ptx/2.14.0/core/xsl/pretext-html.xsl
INFO    : messages from the log for XSL processing:
INFO    : * PTX:INFO:   checking ONLY the last TWO YEARS of element deprecations.
Rerun with the string parameter "author.deprecations.all" set to "yes" to check your source against all deprecations.
WARNING : * PTX:WARNING:   the requested HTML index page cannot be constructed since "jumpstart" is not an @xml:id anywhere in the document.  Defaults will be used instead
WARNING : * PTX:DEPRECATE: (2024-10-08) elements previously included in a "titlepage" element inside the "frontmatter" (author, editor, credit, date, and event) should now be placed in "frontmatter/bibinfo".  To ensure a title page is created, put only the empty element "titlepage-items" inside "titlepage".  Until you move these elements, we will try to honor your intent. (1 time)
INFO    : *              located within: "frontmatter" (xml:id)
INFO    : * --------------
WARNING : * PTX:DEPRECATE: (2024-07-12) the html/css/@style publication file entry has been deprecated for replacement by @theme. See the Guide for theme options.
INFO    : * --------------
INFO    : successful application of /home/vscode/.ptx/2.14.0/core/xsl/pretext-html.xsl
INFO    : Removing temporary directory /tmp/ptx-xc3tzdse
INFO    : Removing temporary directory /tmp/ptx-17yepper
INFO    : 
Success! Run `pretext view` to see the results.

INFO    : 
